Running benchmarks on core 16
Native CMD: ./Himeno/bin/bmt_aos.O3 -s M -l 1000
['taskset', '-c', '16', './Himeno/bin/bmt_aos.O3', '-s', 'M', '-l', '1000']
mimax = 128 mjmax = 128 mkmax = 256
imax = 127 jmax = 127 kmax =255
 Start rehearsal measurement process.
 Measure the performance in 3 times.

 MFLOPS: 4767.381898 time(s): 0.086277 1.733593e-03

 Now, start the actual measurement process.
 The loop will be excuted in 1000 times
 This will take about one minute.
 Wait for a while

cpu : 19.902707 sec.
Loop executed for 1000 times
Gosa : 7.555019e-04 
MFLOPS measured : 6888.768246
Score based on Pentium III 600MHz using Fortran 77: 83.157511


Native CMD: ./Himeno/bin/bmt_aos.O3 -s M -l 1000
['taskset', '-c', '16', './Himeno/bin/bmt_aos.O3', '-s', 'M', '-l', '1000']
mimax = 128 mjmax = 128 mkmax = 256
imax = 127 jmax = 127 kmax =255
 Start rehearsal measurement process.
 Measure the performance in 3 times.

 MFLOPS: 4832.182895 time(s): 0.085120 1.733593e-03

 Now, start the actual measurement process.
 The loop will be excuted in 1000 times
 This will take about one minute.
 Wait for a while

cpu : 19.901506 sec.
Loop executed for 1000 times
Gosa : 7.555019e-04 
MFLOPS measured : 6889.183964
Score based on Pentium III 600MHz using Fortran 77: 83.162530


Native CMD: ./Himeno/bin/bmt_aos.O3 -s M -l 1000
['taskset', '-c', '16', './Himeno/bin/bmt_aos.O3', '-s', 'M', '-l', '1000']
mimax = 128 mjmax = 128 mkmax = 256
imax = 127 jmax = 127 kmax =255
 Start rehearsal measurement process.
 Measure the performance in 3 times.

 MFLOPS: 4806.939685 time(s): 0.085567 1.733593e-03

 Now, start the actual measurement process.
 The loop will be excuted in 1000 times
 This will take about one minute.
 Wait for a while

cpu : 19.854473 sec.
Loop executed for 1000 times
Gosa : 7.555019e-04 
MFLOPS measured : 6905.503662
Score based on Pentium III 600MHz using Fortran 77: 83.359532


Native CMD: ./Himeno/bin/bmt_aos.O3 -s L -l 100
['taskset', '-c', '16', './Himeno/bin/bmt_aos.O3', '-s', 'L', '-l', '100']
mimax = 256 mjmax = 256 mkmax = 512
imax = 255 jmax = 255 kmax =511
 Start rehearsal measurement process.
 Measure the performance in 3 times.

 MFLOPS: 5175.080214 time(s): 0.648516 4.882812e-04

 Now, start the actual measurement process.
 The loop will be excuted in 100 times
 This will take about one minute.
 Wait for a while

cpu : 16.278320 sec.
Loop executed for 100 times
Gosa : 4.882812e-04 
MFLOPS measured : 6872.376511
Score based on Pentium III 600MHz using Fortran 77: 82.959639


Native CMD: ./Himeno/bin/bmt_aos.O3 -s L -l 100
['taskset', '-c', '16', './Himeno/bin/bmt_aos.O3', '-s', 'L', '-l', '100']
mimax = 256 mjmax = 256 mkmax = 512
imax = 255 jmax = 255 kmax =511
 Start rehearsal measurement process.
 Measure the performance in 3 times.

 MFLOPS: 5173.867556 time(s): 0.648668 4.882812e-04

 Now, start the actual measurement process.
 The loop will be excuted in 100 times
 This will take about one minute.
 Wait for a while

cpu : 16.198272 sec.
Loop executed for 100 times
Gosa : 4.882812e-04 
MFLOPS measured : 6906.338158
Score based on Pentium III 600MHz using Fortran 77: 83.369606


Native CMD: ./Himeno/bin/bmt_aos.O3 -s L -l 100
['taskset', '-c', '16', './Himeno/bin/bmt_aos.O3', '-s', 'L', '-l', '100']
mimax = 256 mjmax = 256 mkmax = 512
imax = 255 jmax = 255 kmax =511
 Start rehearsal measurement process.
 Measure the performance in 3 times.

 MFLOPS: 5165.458441 time(s): 0.649724 4.882812e-04

 Now, start the actual measurement process.
 The loop will be excuted in 100 times
 This will take about one minute.
 Wait for a while

cpu : 15.949512 sec.
Loop executed for 100 times
Gosa : 4.882812e-04 
MFLOPS measured : 7014.054348
Score based on Pentium III 600MHz using Fortran 77: 84.669898


Native CMD: ./Himeno/bin/bmt_aos.O3 -s XL -l 10
['taskset', '-c', '16', './Himeno/bin/bmt_aos.O3', '-s', 'XL', '-l', '10']
mimax = 512 mjmax = 512 mkmax = 1024
imax = 511 jmax = 511 kmax =1023
 Start rehearsal measurement process.
 Measure the performance in 3 times.

 MFLOPS: 6849.886441 time(s): 3.958294 6.103516e-05

 Now, start the actual measurement process.
 The loop will be excuted in 10 times
 This will take about one minute.
 Wait for a while

cpu : 13.191906 sec.
Loop executed for 10 times
Gosa : 6.103516e-05 
MFLOPS measured : 6851.136447
Score based on Pentium III 600MHz using Fortran 77: 82.703241


Native CMD: ./Himeno/bin/bmt_aos.O3 -s XL -l 10
['taskset', '-c', '16', './Himeno/bin/bmt_aos.O3', '-s', 'XL', '-l', '10']
mimax = 512 mjmax = 512 mkmax = 1024
imax = 511 jmax = 511 kmax =1023
 Start rehearsal measurement process.
 Measure the performance in 3 times.

 MFLOPS: 6845.485111 time(s): 3.960839 6.103516e-05

 Now, start the actual measurement process.
 The loop will be excuted in 10 times
 This will take about one minute.
 Wait for a while

cpu : 13.202389 sec.
Loop executed for 10 times
Gosa : 6.103516e-05 
MFLOPS measured : 6845.696487
Score based on Pentium III 600MHz using Fortran 77: 82.637572


Native CMD: ./Himeno/bin/bmt_aos.O3 -s XL -l 10
['taskset', '-c', '16', './Himeno/bin/bmt_aos.O3', '-s', 'XL', '-l', '10']
mimax = 512 mjmax = 512 mkmax = 1024
imax = 511 jmax = 511 kmax =1023
 Start rehearsal measurement process.
 Measure the performance in 3 times.

 MFLOPS: 6823.923668 time(s): 3.973354 6.103516e-05

 Now, start the actual measurement process.
 The loop will be excuted in 10 times
 This will take about one minute.
 Wait for a while

cpu : 13.260871 sec.
Loop executed for 10 times
Gosa : 6.103516e-05 
MFLOPS measured : 6815.506161
Score based on Pentium III 600MHz using Fortran 77: 82.273131


Native CMD: ./Simple/bin/matrix -s 256 -b 8
['taskset', '-c', '16', './Simple/bin/matrix', '-s', '256', '-b', '8']
size: 256, block: 8
Time: 0.012037 with the naive execution
Time: 0.012836 with the blocked execution


Native CMD: ./Simple/bin/matrix -s 256 -b 8
['taskset', '-c', '16', './Simple/bin/matrix', '-s', '256', '-b', '8']
size: 256, block: 8
Time: 0.012065 with the naive execution
Time: 0.012728 with the blocked execution


Native CMD: ./Simple/bin/matrix -s 256 -b 8
['taskset', '-c', '16', './Simple/bin/matrix', '-s', '256', '-b', '8']
size: 256, block: 8
Time: 0.011986 with the naive execution
Time: 0.012768 with the blocked execution


Native CMD: ./Simple/bin/matrix -s 512 -b 16
['taskset', '-c', '16', './Simple/bin/matrix', '-s', '512', '-b', '16']
size: 512, block: 16
Time: 0.109203 with the naive execution
Time: 0.088447 with the blocked execution


Native CMD: ./Simple/bin/matrix -s 512 -b 16
['taskset', '-c', '16', './Simple/bin/matrix', '-s', '512', '-b', '16']
size: 512, block: 16
Time: 0.108013 with the naive execution
Time: 0.088246 with the blocked execution


Native CMD: ./Simple/bin/matrix -s 512 -b 16
['taskset', '-c', '16', './Simple/bin/matrix', '-s', '512', '-b', '16']
size: 512, block: 16
Time: 0.108688 with the naive execution
Time: 0.088217 with the blocked execution


Native CMD: ./Simple/bin/matrix -s 1024 -b 32
['taskset', '-c', '16', './Simple/bin/matrix', '-s', '1024', '-b', '32']
size: 1024, block: 32
Time: 5.575759 with the naive execution
Time: 0.684557 with the blocked execution


Native CMD: ./Simple/bin/matrix -s 1024 -b 32
['taskset', '-c', '16', './Simple/bin/matrix', '-s', '1024', '-b', '32']
size: 1024, block: 32
Time: 5.551076 with the naive execution
Time: 0.681335 with the blocked execution


Native CMD: ./Simple/bin/matrix -s 1024 -b 32
['taskset', '-c', '16', './Simple/bin/matrix', '-s', '1024', '-b', '32']
size: 1024, block: 32
Time: 5.532918 with the naive execution
Time: 0.680541 with the blocked execution


Cachegrind CMD: valgrind --tool=cachegrind --cache-sim=yes ./Himeno/bin/bmt_aos.O3 -s M -l 1000 -v varinfo.txt
['taskset', '-c', '16', 'valgrind', '--tool=cachegrind', '--cache-sim=yes', './Himeno/bin/bmt_aos.O3', '-s', 'M', '-l', '1000', '-v', 'varinfo.txt']
mimax = 128 mjmax = 128 mkmax = 256
imax = 127 jmax = 127 kmax =255
 Start rehearsal measurement process.
 Measure the performance in 3 times.

 MFLOPS: 28.798945 time(s): 14.282308 1.733593e-03

 Now, start the actual measurement process.
 The loop will be excuted in 1000 times
 This will take about one minute.
 Wait for a while

cpu : 5219.774451 sec.
Loop executed for 1000 times
Gosa : 7.555019e-04 
MFLOPS measured : 26.266487
Score based on Pentium III 600MHz using Fortran 77: 0.317075

==2444745== Cachegrind, a high-precision tracing profiler
==2444745== Copyright (C) 2002-2024, and GNU GPL'd, by Nicholas Nethercote et al.
==2444745== Using Valgrind-3.23.0 and LibVEX; rerun with -h for copyright info
==2444745== Command: ./Himeno/bin/bmt_aos.O3 -s M -l 1000 -v varinfo.txt
==2444745== 
--2444745-- warning: L3 cache found, using its data for the LL simulation.
var_index: 5
==2444745== 
==2444745== I refs:        237,826,917,763
==2444745== I1  misses:              2,225
==2444745== LLi misses:              2,150
==2444745== I1  miss rate:            0.00%
==2444745== LLi miss rate:            0.00%
==2444745== 
==2444745== D refs:        136,185,268,104  (131,040,060,589 rd   + 5,145,207,515 wr)
==2444745== D1  misses:      4,602,345,030  (  4,088,862,996 rd   +   513,482,034 wr)
==2444745== LLd misses:      3,901,536,448  (  3,480,690,815 rd   +   420,845,633 wr)
==2444745== D1  miss rate:             3.4% (            3.1%     +          10.0%  )
==2444745== LLd miss rate:             2.9% (            2.7%     +           8.2%  )
==2444745== 
==2444745== LL refs:         4,602,347,255  (  4,088,865,221 rd   +   513,482,034 wr)
==2444745== LL misses:       3,901,538,598  (  3,480,692,965 rd   +   420,845,633 wr)
==2444745== LL miss rate:              1.0% (            0.9%     +           8.2%  )

all output files are removed! please confirm it!
Cachegrind CMD: valgrind --tool=cachegrind --cache-sim=yes ./Himeno/bin/bmt_aos.O3 -s M -l 1000 -v varinfo.txt
['taskset', '-c', '16', 'valgrind', '--tool=cachegrind', '--cache-sim=yes', './Himeno/bin/bmt_aos.O3', '-s', 'M', '-l', '1000', '-v', 'varinfo.txt']
mimax = 128 mjmax = 128 mkmax = 256
imax = 127 jmax = 127 kmax =255
 Start rehearsal measurement process.
 Measure the performance in 3 times.

 MFLOPS: 28.616738 time(s): 14.373246 1.733593e-03

 Now, start the actual measurement process.
 The loop will be excuted in 1000 times
 This will take about one minute.
 Wait for a while

cpu : 5240.543165 sec.
Loop executed for 1000 times
Gosa : 7.555019e-04 
MFLOPS measured : 26.162390
Score based on Pentium III 600MHz using Fortran 77: 0.315818

==2465081== Cachegrind, a high-precision tracing profiler
==2465081== Copyright (C) 2002-2024, and GNU GPL'd, by Nicholas Nethercote et al.
==2465081== Using Valgrind-3.23.0 and LibVEX; rerun with -h for copyright info
==2465081== Command: ./Himeno/bin/bmt_aos.O3 -s M -l 1000 -v varinfo.txt
==2465081== 
--2465081-- warning: L3 cache found, using its data for the LL simulation.
var_index: 5
==2465081== 
==2465081== I refs:        237,826,917,774
==2465081== I1  misses:              2,225
==2465081== LLi misses:              2,150
==2465081== I1  miss rate:            0.00%
==2465081== LLi miss rate:            0.00%
==2465081== 
==2465081== D refs:        136,185,268,109  (131,040,060,592 rd   + 5,145,207,517 wr)
==2465081== D1  misses:      4,602,345,030  (  4,088,862,996 rd   +   513,482,034 wr)
==2465081== LLd misses:      3,901,536,448  (  3,480,690,815 rd   +   420,845,633 wr)
==2465081== D1  miss rate:             3.4% (            3.1%     +          10.0%  )
==2465081== LLd miss rate:             2.9% (            2.7%     +           8.2%  )
==2465081== 
==2465081== LL refs:         4,602,347,255  (  4,088,865,221 rd   +   513,482,034 wr)
==2465081== LL misses:       3,901,538,598  (  3,480,692,965 rd   +   420,845,633 wr)
==2465081== LL miss rate:              1.0% (            0.9%     +           8.2%  )

all output files are removed! please confirm it!
Cachegrind CMD: valgrind --tool=cachegrind --cache-sim=yes ./Himeno/bin/bmt_aos.O3 -s M -l 1000 -v varinfo.txt
['taskset', '-c', '16', 'valgrind', '--tool=cachegrind', '--cache-sim=yes', './Himeno/bin/bmt_aos.O3', '-s', 'M', '-l', '1000', '-v', 'varinfo.txt']
mimax = 128 mjmax = 128 mkmax = 256
imax = 127 jmax = 127 kmax =255
 Start rehearsal measurement process.
 Measure the performance in 3 times.

 MFLOPS: 28.698567 time(s): 14.332263 1.733593e-03

 Now, start the actual measurement process.
 The loop will be excuted in 1000 times
 This will take about one minute.
 Wait for a while

cpu : 5235.217120 sec.
Loop executed for 1000 times
Gosa : 7.555019e-04 
MFLOPS measured : 26.189007
Score based on Pentium III 600MHz using Fortran 77: 0.316140

==2485613== Cachegrind, a high-precision tracing profiler
==2485613== Copyright (C) 2002-2024, and GNU GPL'd, by Nicholas Nethercote et al.
==2485613== Using Valgrind-3.23.0 and LibVEX; rerun with -h for copyright info
==2485613== Command: ./Himeno/bin/bmt_aos.O3 -s M -l 1000 -v varinfo.txt
==2485613== 
--2485613-- warning: L3 cache found, using its data for the LL simulation.
var_index: 5
==2485613== 
==2485613== I refs:        237,826,917,854
==2485613== I1  misses:              2,221
==2485613== LLi misses:              2,146
==2485613== I1  miss rate:            0.00%
==2485613== LLi miss rate:            0.00%
==2485613== 
==2485613== D refs:        136,185,268,136  (131,040,060,607 rd   + 5,145,207,529 wr)
==2485613== D1  misses:      4,602,345,030  (  4,088,862,996 rd   +   513,482,034 wr)
==2485613== LLd misses:      3,901,536,448  (  3,480,690,815 rd   +   420,845,633 wr)
==2485613== D1  miss rate:             3.4% (            3.1%     +          10.0%  )
==2485613== LLd miss rate:             2.9% (            2.7%     +           8.2%  )
==2485613== 
==2485613== LL refs:         4,602,347,251  (  4,088,865,217 rd   +   513,482,034 wr)
==2485613== LL misses:       3,901,538,594  (  3,480,692,961 rd   +   420,845,633 wr)
==2485613== LL miss rate:              1.0% (            0.9%     +           8.2%  )

all output files are removed! please confirm it!
Cachegrind CMD: valgrind --tool=cachegrind --cache-sim=yes ./Himeno/bin/bmt_aos.O3 -s L -l 100 -v varinfo.txt
['taskset', '-c', '16', 'valgrind', '--tool=cachegrind', '--cache-sim=yes', './Himeno/bin/bmt_aos.O3', '-s', 'L', '-l', '100', '-v', 'varinfo.txt']
mimax = 256 mjmax = 256 mkmax = 512
imax = 255 jmax = 255 kmax =511
 Start rehearsal measurement process.
 Measure the performance in 3 times.

 MFLOPS: 26.019713 time(s): 128.983834 4.882812e-04

 Now, start the actual measurement process.
 The loop will be excuted in 100 times
 This will take about one minute.
 Wait for a while

cpu : 4561.991729 sec.
Loop executed for 100 times
Gosa : 4.882812e-04 
MFLOPS measured : 24.522347
Score based on Pentium III 600MHz using Fortran 77: 0.296021

==2511844== Cachegrind, a high-precision tracing profiler
==2511844== Copyright (C) 2002-2024, and GNU GPL'd, by Nicholas Nethercote et al.
==2511844== Using Valgrind-3.23.0 and LibVEX; rerun with -h for copyright info
==2511844== Command: ./Himeno/bin/bmt_aos.O3 -s L -l 100 -v varinfo.txt
==2511844== 
--2511844-- warning: L3 cache found, using its data for the LL simulation.
var_index: 5
==2511844== 
==2511844== I refs:        198,786,941,014
==2511844== I1  misses:              2,228
==2511844== LLi misses:              2,152
==2511844== I1  miss rate:            0.00%
==2511844== LLi miss rate:            0.00%
==2511844== 
==2511844== D refs:        113,930,629,236  (109,546,319,985 rd   + 4,384,309,251 wr)
==2511844== D1  misses:      4,107,109,590  (  3,652,380,241 rd   +   454,729,349 wr)
==2511844== LLd misses:      3,435,123,814  (  2,980,420,614 rd   +   454,703,200 wr)
==2511844== D1  miss rate:             3.6% (            3.3%     +          10.4%  )
==2511844== LLd miss rate:             3.0% (            2.7%     +          10.4%  )
==2511844== 
==2511844== LL refs:         4,107,111,818  (  3,652,382,469 rd   +   454,729,349 wr)
==2511844== LL misses:       3,435,125,966  (  2,980,422,766 rd   +   454,703,200 wr)
==2511844== LL miss rate:              1.1% (            1.0%     +          10.4%  )

all output files are removed! please confirm it!
Cachegrind CMD: valgrind --tool=cachegrind --cache-sim=yes ./Himeno/bin/bmt_aos.O3 -s L -l 100 -v varinfo.txt
['taskset', '-c', '16', 'valgrind', '--tool=cachegrind', '--cache-sim=yes', './Himeno/bin/bmt_aos.O3', '-s', 'L', '-l', '100', '-v', 'varinfo.txt']
mimax = 256 mjmax = 256 mkmax = 512
imax = 255 jmax = 255 kmax =511
 Start rehearsal measurement process.
 Measure the performance in 3 times.

 MFLOPS: 25.905170 time(s): 129.554150 4.882812e-04

 Now, start the actual measurement process.
 The loop will be excuted in 100 times
 This will take about one minute.
 Wait for a while

cpu : 4580.095274 sec.
Loop executed for 100 times
Gosa : 4.882812e-04 
MFLOPS measured : 24.425419
Score based on Pentium III 600MHz using Fortran 77: 0.294851

==2541092== Cachegrind, a high-precision tracing profiler
==2541092== Copyright (C) 2002-2024, and GNU GPL'd, by Nicholas Nethercote et al.
==2541092== Using Valgrind-3.23.0 and LibVEX; rerun with -h for copyright info
==2541092== Command: ./Himeno/bin/bmt_aos.O3 -s L -l 100 -v varinfo.txt
==2541092== 
--2541092-- warning: L3 cache found, using its data for the LL simulation.
var_index: 5
==2541092== 
==2541092== I refs:        198,786,941,020
==2541092== I1  misses:              2,228
==2541092== LLi misses:              2,152
==2541092== I1  miss rate:            0.00%
==2541092== LLi miss rate:            0.00%
==2541092== 
==2541092== D refs:        113,930,629,234  (109,546,319,986 rd   + 4,384,309,248 wr)
==2541092== D1  misses:      4,107,109,590  (  3,652,380,241 rd   +   454,729,349 wr)
==2541092== LLd misses:      3,435,123,814  (  2,980,420,614 rd   +   454,703,200 wr)
==2541092== D1  miss rate:             3.6% (            3.3%     +          10.4%  )
==2541092== LLd miss rate:             3.0% (            2.7%     +          10.4%  )
==2541092== 
==2541092== LL refs:         4,107,111,818  (  3,652,382,469 rd   +   454,729,349 wr)
==2541092== LL misses:       3,435,125,966  (  2,980,422,766 rd   +   454,703,200 wr)
==2541092== LL miss rate:              1.1% (            1.0%     +          10.4%  )

all output files are removed! please confirm it!
Cachegrind CMD: valgrind --tool=cachegrind --cache-sim=yes ./Himeno/bin/bmt_aos.O3 -s L -l 100 -v varinfo.txt
['taskset', '-c', '16', 'valgrind', '--tool=cachegrind', '--cache-sim=yes', './Himeno/bin/bmt_aos.O3', '-s', 'L', '-l', '100', '-v', 'varinfo.txt']
mimax = 256 mjmax = 256 mkmax = 512
imax = 255 jmax = 255 kmax =511
 Start rehearsal measurement process.
 Measure the performance in 3 times.

 MFLOPS: 25.939856 time(s): 129.380918 4.882812e-04

 Now, start the actual measurement process.
 The loop will be excuted in 100 times
 This will take about one minute.
 Wait for a while

cpu : 4567.764120 sec.
Loop executed for 100 times
Gosa : 4.882812e-04 
MFLOPS measured : 24.491357
Score based on Pentium III 600MHz using Fortran 77: 0.295647

==2563593== Cachegrind, a high-precision tracing profiler
==2563593== Copyright (C) 2002-2024, and GNU GPL'd, by Nicholas Nethercote et al.
==2563593== Using Valgrind-3.23.0 and LibVEX; rerun with -h for copyright info
==2563593== Command: ./Himeno/bin/bmt_aos.O3 -s L -l 100 -v varinfo.txt
==2563593== 
--2563593-- warning: L3 cache found, using its data for the LL simulation.
var_index: 5
==2563593== 
==2563593== I refs:        198,786,941,053
==2563593== I1  misses:              2,228
==2563593== LLi misses:              2,152
==2563593== I1  miss rate:            0.00%
==2563593== LLi miss rate:            0.00%
==2563593== 
==2563593== D refs:        113,930,629,251  (109,546,319,994 rd   + 4,384,309,257 wr)
==2563593== D1  misses:      4,107,109,590  (  3,652,380,241 rd   +   454,729,349 wr)
==2563593== LLd misses:      3,435,123,814  (  2,980,420,614 rd   +   454,703,200 wr)
==2563593== D1  miss rate:             3.6% (            3.3%     +          10.4%  )
==2563593== LLd miss rate:             3.0% (            2.7%     +          10.4%  )
==2563593== 
==2563593== LL refs:         4,107,111,818  (  3,652,382,469 rd   +   454,729,349 wr)
==2563593== LL misses:       3,435,125,966  (  2,980,422,766 rd   +   454,703,200 wr)
==2563593== LL miss rate:              1.1% (            1.0%     +          10.4%  )

all output files are removed! please confirm it!
Cachegrind CMD: valgrind --tool=cachegrind --cache-sim=yes ./Himeno/bin/bmt_aos.O3 -s XL -l 10 -v varinfo.txt
['taskset', '-c', '16', 'valgrind', '--tool=cachegrind', '--cache-sim=yes', './Himeno/bin/bmt_aos.O3', '-s', 'XL', '-l', '10', '-v', 'varinfo.txt']
mimax = 512 mjmax = 512 mkmax = 1024
imax = 511 jmax = 511 kmax =1023
 Start rehearsal measurement process.
 Measure the performance in 3 times.

 MFLOPS: 24.671966 time(s): 1098.974598 6.103516e-05

 Now, start the actual measurement process.
 The loop will be excuted in 10 times
 This will take about one minute.
 Wait for a while

cpu : 3776.972762 sec.
Loop executed for 10 times
Gosa : 6.103516e-05 
MFLOPS measured : 23.929097
Score based on Pentium III 600MHz using Fortran 77: 0.288859

==2582087== Cachegrind, a high-precision tracing profiler
==2582087== Copyright (C) 2002-2024, and GNU GPL'd, by Nicholas Nethercote et al.
==2582087== Using Valgrind-3.23.0 and LibVEX; rerun with -h for copyright info
==2582087== Command: ./Himeno/bin/bmt_aos.O3 -s XL -l 10 -v varinfo.txt
==2582087== 
--2582087-- warning: L3 cache found, using its data for the LL simulation.
var_index: 5
==2582087== 
==2582087== I refs:        205,523,710,901
==2582087== I1  misses:              2,222
==2582087== LLi misses:              2,147
==2582087== I1  miss rate:            0.00%
==2582087== LLi miss rate:            0.00%
==2582087== 
==2582087== D refs:        116,847,705,342  (111,573,142,185 rd   + 5,274,563,157 wr)
==2582087== D1  misses:      5,448,932,894  (  4,781,224,405 rd   +   667,708,489 wr)
==2582087== LLd misses:      3,699,057,708  (  3,031,355,926 rd   +   667,701,782 wr)
==2582087== D1  miss rate:             4.7% (            4.3%     +          12.7%  )
==2582087== LLd miss rate:             3.2% (            2.7%     +          12.7%  )
==2582087== 
==2582087== LL refs:         5,448,935,116  (  4,781,226,627 rd   +   667,708,489 wr)
==2582087== LL misses:       3,699,059,855  (  3,031,358,073 rd   +   667,701,782 wr)
==2582087== LL miss rate:              1.1% (            1.0%     +          12.7%  )

all output files are removed! please confirm it!
Cachegrind CMD: valgrind --tool=cachegrind --cache-sim=yes ./Himeno/bin/bmt_aos.O3 -s XL -l 10 -v varinfo.txt
['taskset', '-c', '16', 'valgrind', '--tool=cachegrind', '--cache-sim=yes', './Himeno/bin/bmt_aos.O3', '-s', 'XL', '-l', '10', '-v', 'varinfo.txt']
mimax = 512 mjmax = 512 mkmax = 1024
imax = 511 jmax = 511 kmax =1023
 Start rehearsal measurement process.
 Measure the performance in 3 times.

 MFLOPS: 24.704600 time(s): 1097.522926 6.103516e-05

 Now, start the actual measurement process.
 The loop will be excuted in 10 times
 This will take about one minute.
 Wait for a while

cpu : 3778.144438 sec.
Loop executed for 10 times
Gosa : 6.103516e-05 
MFLOPS measured : 23.921676
Score based on Pentium III 600MHz using Fortran 77: 0.288770

==2601230== Cachegrind, a high-precision tracing profiler
==2601230== Copyright (C) 2002-2024, and GNU GPL'd, by Nicholas Nethercote et al.
==2601230== Using Valgrind-3.23.0 and LibVEX; rerun with -h for copyright info
==2601230== Command: ./Himeno/bin/bmt_aos.O3 -s XL -l 10 -v varinfo.txt
==2601230== 
--2601230-- warning: L3 cache found, using its data for the LL simulation.
var_index: 5
==2601230== 
==2601230== I refs:        205,523,710,957
==2601230== I1  misses:              2,222
==2601230== LLi misses:              2,147
==2601230== I1  miss rate:            0.00%
==2601230== LLi miss rate:            0.00%
==2601230== 
==2601230== D refs:        116,847,705,357  (111,573,142,197 rd   + 5,274,563,160 wr)
==2601230== D1  misses:      5,448,932,894  (  4,781,224,405 rd   +   667,708,489 wr)
==2601230== LLd misses:      3,699,057,708  (  3,031,355,926 rd   +   667,701,782 wr)
==2601230== D1  miss rate:             4.7% (            4.3%     +          12.7%  )
==2601230== LLd miss rate:             3.2% (            2.7%     +          12.7%  )
==2601230== 
==2601230== LL refs:         5,448,935,116  (  4,781,226,627 rd   +   667,708,489 wr)
==2601230== LL misses:       3,699,059,855  (  3,031,358,073 rd   +   667,701,782 wr)
==2601230== LL miss rate:              1.1% (            1.0%     +          12.7%  )

all output files are removed! please confirm it!
Cachegrind CMD: valgrind --tool=cachegrind --cache-sim=yes ./Himeno/bin/bmt_aos.O3 -s XL -l 10 -v varinfo.txt
['taskset', '-c', '16', 'valgrind', '--tool=cachegrind', '--cache-sim=yes', './Himeno/bin/bmt_aos.O3', '-s', 'XL', '-l', '10', '-v', 'varinfo.txt']
mimax = 512 mjmax = 512 mkmax = 1024
imax = 511 jmax = 511 kmax =1023
 Start rehearsal measurement process.
 Measure the performance in 3 times.

 MFLOPS: 24.555729 time(s): 1104.176714 6.103516e-05

 Now, start the actual measurement process.
 The loop will be excuted in 10 times
 This will take about one minute.
 Wait for a while

cpu : 3806.686934 sec.
Loop executed for 10 times
Gosa : 6.103516e-05 
MFLOPS measured : 23.742312
Score based on Pentium III 600MHz using Fortran 77: 0.286604

==2620602== Cachegrind, a high-precision tracing profiler
==2620602== Copyright (C) 2002-2024, and GNU GPL'd, by Nicholas Nethercote et al.
==2620602== Using Valgrind-3.23.0 and LibVEX; rerun with -h for copyright info
==2620602== Command: ./Himeno/bin/bmt_aos.O3 -s XL -l 10 -v varinfo.txt
==2620602== 
--2620602-- warning: L3 cache found, using its data for the LL simulation.
var_index: 5
==2620602== 
==2620602== I refs:        205,523,710,954
==2620602== I1  misses:              2,218
==2620602== LLi misses:              2,143
==2620602== I1  miss rate:            0.00%
==2620602== LLi miss rate:            0.00%
==2620602== 
==2620602== D refs:        116,847,705,363  (111,573,142,197 rd   + 5,274,563,166 wr)
==2620602== D1  misses:      5,448,932,894  (  4,781,224,405 rd   +   667,708,489 wr)
==2620602== LLd misses:      3,699,057,708  (  3,031,355,926 rd   +   667,701,782 wr)
==2620602== D1  miss rate:             4.7% (            4.3%     +          12.7%  )
==2620602== LLd miss rate:             3.2% (            2.7%     +          12.7%  )
==2620602== 
==2620602== LL refs:         5,448,935,112  (  4,781,226,623 rd   +   667,708,489 wr)
==2620602== LL misses:       3,699,059,851  (  3,031,358,069 rd   +   667,701,782 wr)
==2620602== LL miss rate:              1.1% (            1.0%     +          12.7%  )

all output files are removed! please confirm it!
Cachegrind CMD: valgrind --tool=cachegrind --cache-sim=yes ./Simple/bin/matrix -s 256 -b 8 -v varinfo.txt
['taskset', '-c', '16', 'valgrind', '--tool=cachegrind', '--cache-sim=yes', './Simple/bin/matrix', '-s', '256', '-b', '8', '-v', 'varinfo.txt']
size: 256, block: 8
Time: 1.968320 with the naive execution
Time: 1.439139 with the blocked execution

==2639845== Cachegrind, a high-precision tracing profiler
==2639845== Copyright (C) 2002-2024, and GNU GPL'd, by Nicholas Nethercote et al.
==2639845== Using Valgrind-3.23.0 and LibVEX; rerun with -h for copyright info
==2639845== Command: ./Simple/bin/matrix -s 256 -b 8 -v varinfo.txt
==2639845== 
--2639845-- warning: L3 cache found, using its data for the LL simulation.
var_index: 0
var_index: 4
==2639845== 
==2639845== I refs:        290,669,903
==2639845== I1  misses:          1,609
==2639845== LLi misses:          1,536
==2639845== I1  miss rate:        0.00%
==2639845== LLi miss rate:        0.00%
==2639845== 
==2639845== D refs:         90,651,705  (72,047,348 rd   + 18,604,357 wr)
==2639845== D1  misses:     17,295,025  (17,146,714 rd   +    148,311 wr)
==2639845== LLd misses:         84,887  (     2,290 rd   +     82,597 wr)
==2639845== D1  miss rate:        19.1% (      23.8%     +        0.8%  )
==2639845== LLd miss rate:         0.1% (       0.0%     +        0.4%  )
==2639845== 
==2639845== LL refs:        17,296,634  (17,148,323 rd   +    148,311 wr)
==2639845== LL misses:          86,423  (     3,826 rd   +     82,597 wr)
==2639845== LL miss rate:          0.0% (       0.0%     +        0.4%  )

all output files are removed! please confirm it!
Cachegrind CMD: valgrind --tool=cachegrind --cache-sim=yes ./Simple/bin/matrix -s 256 -b 8 -v varinfo.txt
['taskset', '-c', '16', 'valgrind', '--tool=cachegrind', '--cache-sim=yes', './Simple/bin/matrix', '-s', '256', '-b', '8', '-v', 'varinfo.txt']
size: 256, block: 8
Time: 1.951089 with the naive execution
Time: 1.432680 with the blocked execution

==2640015== Cachegrind, a high-precision tracing profiler
==2640015== Copyright (C) 2002-2024, and GNU GPL'd, by Nicholas Nethercote et al.
==2640015== Using Valgrind-3.23.0 and LibVEX; rerun with -h for copyright info
==2640015== Command: ./Simple/bin/matrix -s 256 -b 8 -v varinfo.txt
==2640015== 
--2640015-- warning: L3 cache found, using its data for the LL simulation.
var_index: 0
var_index: 4
==2640015== 
==2640015== I refs:        290,669,909
==2640015== I1  misses:          1,609
==2640015== LLi misses:          1,536
==2640015== I1  miss rate:        0.00%
==2640015== LLi miss rate:        0.00%
==2640015== 
==2640015== D refs:         90,651,707  (72,047,349 rd   + 18,604,358 wr)
==2640015== D1  misses:     17,295,025  (17,146,714 rd   +    148,311 wr)
==2640015== LLd misses:         84,887  (     2,290 rd   +     82,597 wr)
==2640015== D1  miss rate:        19.1% (      23.8%     +        0.8%  )
==2640015== LLd miss rate:         0.1% (       0.0%     +        0.4%  )
==2640015== 
==2640015== LL refs:        17,296,634  (17,148,323 rd   +    148,311 wr)
==2640015== LL misses:          86,423  (     3,826 rd   +     82,597 wr)
==2640015== LL miss rate:          0.0% (       0.0%     +        0.4%  )

all output files are removed! please confirm it!
Cachegrind CMD: valgrind --tool=cachegrind --cache-sim=yes ./Simple/bin/matrix -s 256 -b 8 -v varinfo.txt
['taskset', '-c', '16', 'valgrind', '--tool=cachegrind', '--cache-sim=yes', './Simple/bin/matrix', '-s', '256', '-b', '8', '-v', 'varinfo.txt']
size: 256, block: 8
Time: 1.972283 with the naive execution
Time: 1.441293 with the blocked execution

==2640032== Cachegrind, a high-precision tracing profiler
==2640032== Copyright (C) 2002-2024, and GNU GPL'd, by Nicholas Nethercote et al.
==2640032== Using Valgrind-3.23.0 and LibVEX; rerun with -h for copyright info
==2640032== Command: ./Simple/bin/matrix -s 256 -b 8 -v varinfo.txt
==2640032== 
--2640032-- warning: L3 cache found, using its data for the LL simulation.
var_index: 0
var_index: 4
==2640032== 
==2640032== I refs:        290,669,901
==2640032== I1  misses:          1,609
==2640032== LLi misses:          1,536
==2640032== I1  miss rate:        0.00%
==2640032== LLi miss rate:        0.00%
==2640032== 
==2640032== D refs:         90,651,705  (72,047,348 rd   + 18,604,357 wr)
==2640032== D1  misses:     17,295,025  (17,146,714 rd   +    148,311 wr)
==2640032== LLd misses:         84,887  (     2,290 rd   +     82,597 wr)
==2640032== D1  miss rate:        19.1% (      23.8%     +        0.8%  )
==2640032== LLd miss rate:         0.1% (       0.0%     +        0.4%  )
==2640032== 
==2640032== LL refs:        17,296,634  (17,148,323 rd   +    148,311 wr)
==2640032== LL misses:          86,423  (     3,826 rd   +     82,597 wr)
==2640032== LL miss rate:          0.0% (       0.0%     +        0.4%  )

all output files are removed! please confirm it!
Cachegrind CMD: valgrind --tool=cachegrind --cache-sim=yes ./Simple/bin/matrix -s 512 -b 16 -v varinfo.txt
['taskset', '-c', '16', 'valgrind', '--tool=cachegrind', '--cache-sim=yes', './Simple/bin/matrix', '-s', '512', '-b', '16', '-v', 'varinfo.txt']
size: 512, block: 16
Time: 20.731834 with the naive execution
Time: 10.107934 with the blocked execution

==2640041== Cachegrind, a high-precision tracing profiler
==2640041== Copyright (C) 2002-2024, and GNU GPL'd, by Nicholas Nethercote et al.
==2640041== Using Valgrind-3.23.0 and LibVEX; rerun with -h for copyright info
==2640041== Command: ./Simple/bin/matrix -s 512 -b 16 -v varinfo.txt
==2640041== 
--2640041-- warning: L3 cache found, using its data for the LL simulation.
var_index: 0
var_index: 4
==2640041== 
==2640041== I refs:        2,133,391,290
==2640041== I1  misses:            1,632
==2640041== LLi misses:            1,558
==2640041== I1  miss rate:          0.00%
==2640041== LLi miss rate:          0.00%
==2640041== 
==2640041== D refs:          689,423,466  (551,182,605 rd   + 138,240,861 wr)
==2640041== D1  misses:      135,858,627  (135,661,160 rd   +     197,467 wr)
==2640041== LLd misses:          134,045  (      2,296 rd   +     131,749 wr)
==2640041== D1  miss rate:          19.7% (       24.6%     +         0.1%  )
==2640041== LLd miss rate:           0.0% (        0.0%     +         0.1%  )
==2640041== 
==2640041== LL refs:         135,860,259  (135,662,792 rd   +     197,467 wr)
==2640041== LL misses:           135,603  (      3,854 rd   +     131,749 wr)
==2640041== LL miss rate:            0.0% (        0.0%     +         0.1%  )

all output files are removed! please confirm it!
Cachegrind CMD: valgrind --tool=cachegrind --cache-sim=yes ./Simple/bin/matrix -s 512 -b 16 -v varinfo.txt
['taskset', '-c', '16', 'valgrind', '--tool=cachegrind', '--cache-sim=yes', './Simple/bin/matrix', '-s', '512', '-b', '16', '-v', 'varinfo.txt']
size: 512, block: 16
Time: 20.912444 with the naive execution
Time: 10.191888 with the blocked execution

==2640268== Cachegrind, a high-precision tracing profiler
==2640268== Copyright (C) 2002-2024, and GNU GPL'd, by Nicholas Nethercote et al.
==2640268== Using Valgrind-3.23.0 and LibVEX; rerun with -h for copyright info
==2640268== Command: ./Simple/bin/matrix -s 512 -b 16 -v varinfo.txt
==2640268== 
--2640268-- warning: L3 cache found, using its data for the LL simulation.
var_index: 0
var_index: 4
==2640268== 
==2640268== I refs:        2,133,391,274
==2640268== I1  misses:            1,630
==2640268== LLi misses:            1,556
==2640268== I1  miss rate:          0.00%
==2640268== LLi miss rate:          0.00%
==2640268== 
==2640268== D refs:          689,423,460  (551,182,602 rd   + 138,240,858 wr)
==2640268== D1  misses:      135,858,627  (135,661,160 rd   +     197,467 wr)
==2640268== LLd misses:          134,045  (      2,296 rd   +     131,749 wr)
==2640268== D1  miss rate:          19.7% (       24.6%     +         0.1%  )
==2640268== LLd miss rate:           0.0% (        0.0%     +         0.1%  )
==2640268== 
==2640268== LL refs:         135,860,257  (135,662,790 rd   +     197,467 wr)
==2640268== LL misses:           135,601  (      3,852 rd   +     131,749 wr)
==2640268== LL miss rate:            0.0% (        0.0%     +         0.1%  )

all output files are removed! please confirm it!
Cachegrind CMD: valgrind --tool=cachegrind --cache-sim=yes ./Simple/bin/matrix -s 512 -b 16 -v varinfo.txt
['taskset', '-c', '16', 'valgrind', '--tool=cachegrind', '--cache-sim=yes', './Simple/bin/matrix', '-s', '512', '-b', '16', '-v', 'varinfo.txt']
size: 512, block: 16
Time: 20.871331 with the naive execution
Time: 10.205605 with the blocked execution

==2640487== Cachegrind, a high-precision tracing profiler
==2640487== Copyright (C) 2002-2024, and GNU GPL'd, by Nicholas Nethercote et al.
==2640487== Using Valgrind-3.23.0 and LibVEX; rerun with -h for copyright info
==2640487== Command: ./Simple/bin/matrix -s 512 -b 16 -v varinfo.txt
==2640487== 
--2640487-- warning: L3 cache found, using its data for the LL simulation.
var_index: 0
var_index: 4
==2640487== 
==2640487== I refs:        2,133,391,237
==2640487== I1  misses:            1,630
==2640487== LLi misses:            1,556
==2640487== I1  miss rate:          0.00%
==2640487== LLi miss rate:          0.00%
==2640487== 
==2640487== D refs:          689,423,443  (551,182,593 rd   + 138,240,850 wr)
==2640487== D1  misses:      135,858,627  (135,661,160 rd   +     197,467 wr)
==2640487== LLd misses:          134,045  (      2,296 rd   +     131,749 wr)
==2640487== D1  miss rate:          19.7% (       24.6%     +         0.1%  )
==2640487== LLd miss rate:           0.0% (        0.0%     +         0.1%  )
==2640487== 
==2640487== LL refs:         135,860,257  (135,662,790 rd   +     197,467 wr)
==2640487== LL misses:           135,601  (      3,852 rd   +     131,749 wr)
==2640487== LL miss rate:            0.0% (        0.0%     +         0.1%  )

all output files are removed! please confirm it!
Cachegrind CMD: valgrind --tool=cachegrind --cache-sim=yes ./Simple/bin/matrix -s 1024 -b 32 -v varinfo.txt
['taskset', '-c', '16', 'valgrind', '--tool=cachegrind', '--cache-sim=yes', './Simple/bin/matrix', '-s', '1024', '-b', '32', '-v', 'varinfo.txt']
size: 1024, block: 32
Time: 391.765705 with the naive execution
Time: 99.167774 with the blocked execution

==2640512== Cachegrind, a high-precision tracing profiler
==2640512== Copyright (C) 2002-2024, and GNU GPL'd, by Nicholas Nethercote et al.
==2640512== Using Valgrind-3.23.0 and LibVEX; rerun with -h for copyright info
==2640512== Command: ./Simple/bin/matrix -s 1024 -b 32 -v varinfo.txt
==2640512== 
--2640512-- warning: L3 cache found, using its data for the LL simulation.
var_index: 0
var_index: 4
==2640512== 
==2640512== I refs:        16,539,668,262
==2640512== I1  misses:             1,641
==2640512== LLi misses:             1,567
==2640512== I1  miss rate:           0.00%
==2640512== LLi miss rate:           0.00%
==2640512== 
==2640512== D refs:         5,428,072,189  (4,342,573,417 rd   + 1,085,498,772 wr)
==2640512== D1  misses:     2,186,023,850  (2,185,629,775 rd   +       394,075 wr)
==2640512== LLd misses:           330,657  (        2,300 rd   +       328,357 wr)
==2640512== D1  miss rate:           40.3% (         50.3%     +           0.0%  )
==2640512== LLd miss rate:            0.0% (          0.0%     +           0.0%  )
==2640512== 
==2640512== LL refs:        2,186,025,491  (2,185,631,416 rd   +       394,075 wr)
==2640512== LL misses:            332,224  (        3,867 rd   +       328,357 wr)
==2640512== LL miss rate:             0.0% (          0.0%     +           0.0%  )

all output files are removed! please confirm it!
Cachegrind CMD: valgrind --tool=cachegrind --cache-sim=yes ./Simple/bin/matrix -s 1024 -b 32 -v varinfo.txt
['taskset', '-c', '16', 'valgrind', '--tool=cachegrind', '--cache-sim=yes', './Simple/bin/matrix', '-s', '1024', '-b', '32', '-v', 'varinfo.txt']
size: 1024, block: 32
Time: 391.106478 with the naive execution
Time: 99.051704 with the blocked execution

==2642619== Cachegrind, a high-precision tracing profiler
==2642619== Copyright (C) 2002-2024, and GNU GPL'd, by Nicholas Nethercote et al.
==2642619== Using Valgrind-3.23.0 and LibVEX; rerun with -h for copyright info
==2642619== Command: ./Simple/bin/matrix -s 1024 -b 32 -v varinfo.txt
==2642619== 
--2642619-- warning: L3 cache found, using its data for the LL simulation.
var_index: 0
var_index: 4
==2642619== 
==2642619== I refs:        16,539,668,214
==2642619== I1  misses:             1,641
==2642619== LLi misses:             1,567
==2642619== I1  miss rate:           0.00%
==2642619== LLi miss rate:           0.00%
==2642619== 
==2642619== D refs:         5,428,072,167  (4,342,573,405 rd   + 1,085,498,762 wr)
==2642619== D1  misses:     2,186,023,850  (2,185,629,775 rd   +       394,075 wr)
==2642619== LLd misses:           330,657  (        2,300 rd   +       328,357 wr)
==2642619== D1  miss rate:           40.3% (         50.3%     +           0.0%  )
==2642619== LLd miss rate:            0.0% (          0.0%     +           0.0%  )
==2642619== 
==2642619== LL refs:        2,186,025,491  (2,185,631,416 rd   +       394,075 wr)
==2642619== LL misses:            332,224  (        3,867 rd   +       328,357 wr)
==2642619== LL miss rate:             0.0% (          0.0%     +           0.0%  )

all output files are removed! please confirm it!
Cachegrind CMD: valgrind --tool=cachegrind --cache-sim=yes ./Simple/bin/matrix -s 1024 -b 32 -v varinfo.txt
['taskset', '-c', '16', 'valgrind', '--tool=cachegrind', '--cache-sim=yes', './Simple/bin/matrix', '-s', '1024', '-b', '32', '-v', 'varinfo.txt']
size: 1024, block: 32
Time: 390.735526 with the naive execution
Time: 99.251960 with the blocked execution

==2644482== Cachegrind, a high-precision tracing profiler
==2644482== Copyright (C) 2002-2024, and GNU GPL'd, by Nicholas Nethercote et al.
==2644482== Using Valgrind-3.23.0 and LibVEX; rerun with -h for copyright info
==2644482== Command: ./Simple/bin/matrix -s 1024 -b 32 -v varinfo.txt
==2644482== 
--2644482-- warning: L3 cache found, using its data for the LL simulation.
var_index: 0
var_index: 4
==2644482== 
==2644482== I refs:        16,539,668,301
==2644482== I1  misses:             1,638
==2644482== LLi misses:             1,564
==2644482== I1  miss rate:           0.00%
==2644482== LLi miss rate:           0.00%
==2644482== 
==2644482== D refs:         5,428,072,203  (4,342,573,424 rd   + 1,085,498,779 wr)
==2644482== D1  misses:     2,186,023,850  (2,185,629,775 rd   +       394,075 wr)
==2644482== LLd misses:           330,657  (        2,300 rd   +       328,357 wr)
==2644482== D1  miss rate:           40.3% (         50.3%     +           0.0%  )
==2644482== LLd miss rate:            0.0% (          0.0%     +           0.0%  )
==2644482== 
==2644482== LL refs:        2,186,025,488  (2,185,631,413 rd   +       394,075 wr)
==2644482== LL misses:            332,221  (        3,864 rd   +       328,357 wr)
==2644482== LL miss rate:             0.0% (          0.0%     +           0.0%  )

all output files are removed! please confirm it!

=== Native ===
bmt_aos.O3
  Size M
    (6888.768246, 20.033052682876587)
    (6889.183964, 20.029812335968018)
    (6905.503662, 19.983320951461792)
  Size L
    (6872.376511, 17.209481954574585)
    (6906.338158, 17.13052463531494)
    (7014.054348, 16.882763862609863)
  Size XL
    (6851.136447, 19.055731534957886)
    (6845.696487, 19.19601559638977)
    (6815.506161, 19.382718801498413)
matrix
  Size 256
    (0.012037, 0.012836, 0.03282332420349121)
    (0.012065, 0.012728, 0.031679630279541016)
    (0.011986, 0.012768, 0.031392812728881836)
  Size 512
    (0.109203, 0.088447, 0.2058238983154297)
    (0.108013, 0.088246, 0.20403242111206055)
    (0.108688, 0.088217, 0.20467734336853027)
  Size 1024
    (5.575759, 0.684557, 6.271738767623901)
    (5.551076, 0.681335, 6.24293065071106)
    (5.532918, 0.680541, 6.223728895187378)

=== CIG ===
bmt_aos.O3
  Size M
    (26.266487, 5238.176830530167)
    (26.16239, 5259.04855632782)
    (26.189007, 5253.220917701721)
  Size L
    (24.522347, 4702.3030564785)
    (24.425419, 4720.8541712760925)
    (24.491357, 4707.115206956863)
  Size XL
    (23.929097, 4933.517940282822)
    (23.921676, 4932.550156831741)
    (23.742312, 4967.734417676926)
matrix
  Size 256
    (1.96832, 1.439139, 5.269315481185913)
    (1.951089, 1.43268, 3.686579465866089)
    (1.972283, 1.441293, 3.6964468955993652)
  Size 512
    (20.731834, 10.107934, 31.189949989318848)
    (20.912444, 10.191888, 31.45475172996521)
    (20.871331, 10.205605, 31.426435232162476)
  Size 1024
    (391.765705, 99.167774, 491.5643274784088)
    (391.106478, 99.051704, 492.12863969802856)
    (390.735526, 99.25196, 490.61616492271423)
